<?xml version="1.0" encoding="UTF-8" ?>
<testsuite failures="0" time="0.062" errors="0" skipped="0" tests="1" name="com.capgemini.hibotm.AppTest">
  <properties>
    <property name="java.runtime.name" value="Java(TM) SE Runtime Environment"/>
    <property name="sun.boot.library.path" value="C:\Program Files\Java\jdk1.6.0_45\jre\bin"/>
    <property name="java.vm.version" value="20.45-b01"/>
    <property name="java.vm.vendor" value="Sun Microsystems Inc."/>
    <property name="java.vendor.url" value="http://java.sun.com/"/>
    <property name="path.separator" value=";"/>
    <property name="java.vm.name" value="Java HotSpot(TM) 64-Bit Server VM"/>
    <property name="file.encoding.pkg" value="sun.io"/>
    <property name="user.country" value="PH"/>
    <property name="sun.java.launcher" value="SUN_STANDARD"/>
    <property name="sun.os.patch.level" value="Service Pack 1"/>
    <property name="java.vm.specification.name" value="Java Virtual Machine Specification"/>
    <property name="user.dir" value="D:\mavenprojects\hibernate-otm"/>
    <property name="java.runtime.version" value="1.6.0_45-b06"/>
    <property name="java.awt.graphicsenv" value="sun.awt.Win32GraphicsEnvironment"/>
    <property name="basedir" value="D:\mavenprojects\hibernate-otm"/>
    <property name="java.endorsed.dirs" value="C:\Program Files\Java\jdk1.6.0_45\jre\lib\endorsed"/>
    <property name="os.arch" value="amd64"/>
    <property name="surefire.real.class.path" value="D:\Users\monanad\surefirebooter5214475389000866466.jar"/>
    <property name="java.io.tmpdir" value="D:\Users\monanad\"/>
    <property name="line.separator" value="
"/>
    <property name="java.vm.specification.vendor" value="Sun Microsystems Inc."/>
    <property name="user.variant" value=""/>
    <property name="os.name" value="Windows 7"/>
    <property name="sun.jnu.encoding" value="Cp1252"/>
    <property name="java.library.path" value="C:\Program Files\Java\jdk1.6.0_45\jre\bin;C:\Windows\Sun\Java\bin;C:\Windows\system32;C:\Windows;C:\Program Files (x86)\PHP\;C:\Windows\system32;C:\Windows;C:\Windows\System32\Wbem;C:\Windows\System32\WindowsPowerShell\v1.0\;C:\Program Files\Java\jdk1.6.0_25\bin;C:\Program Files\Java\jdk1.7.0_25\bin;C:\Program Files\Java\jre1.7.0\bin;C:\Program Files\Java\jre6\bin;C:\Program Files\Apache Software Foundation\apache-maven-2.2.1\apache-maven-2.2.1\bin;C:\Program Files\Apache Software Foundation\Tomcat 7.0\bin;C:\Program Files\Apache Software Foundation\apache-maven-2.2.1\apache-maven-2.2.1\bin;C:\Program Files\Java\jdk1.6.0_45\bin;C:\Program Files\TortoiseSVN\bin;."/>
    <property name="surefire.test.class.path" value="D:\mavenprojects\hibernate-otm\target\test-classes;D:\mavenprojects\hibernate-otm\target\classes;D:\Users\monanad\.m2\repository\org\hibernate\ejb3-persistence\1.0.1.GA\ejb3-persistence-1.0.1.GA.jar;D:\Users\monanad\.m2\repository\org\hibernate\hibernate-annotations\3.3.1.GA\hibernate-annotations-3.3.1.GA.jar;D:\Users\monanad\.m2\repository\org\hibernate\hibernate\3.2.6.ga\hibernate-3.2.6.ga.jar;D:\Users\monanad\.m2\repository\net\sf\ehcache\ehcache\1.2.3\ehcache-1.2.3.jar;D:\Users\monanad\.m2\repository\commons-logging\commons-logging\1.0.4\commons-logging-1.0.4.jar;D:\Users\monanad\.m2\repository\commons-collections\commons-collections\2.1.1\commons-collections-2.1.1.jar;D:\Users\monanad\.m2\repository\javax\transaction\jta\1.0.1B\jta-1.0.1B.jar;D:\Users\monanad\.m2\repository\asm\asm-attrs\1.5.3\asm-attrs-1.5.3.jar;D:\Users\monanad\.m2\repository\dom4j\dom4j\1.6.1\dom4j-1.6.1.jar;D:\Users\monanad\.m2\repository\antlr\antlr\2.7.6\antlr-2.7.6.jar;D:\Users\monanad\.m2\repository\cglib\cglib\2.1_3\cglib-2.1_3.jar;D:\Users\monanad\.m2\repository\asm\asm\1.5.3\asm-1.5.3.jar;D:\Users\monanad\.m2\repository\org\hibernate\hibernate-commons-annotations\3.0.0.ga\hibernate-commons-annotations-3.0.0.ga.jar;D:\Users\monanad\.m2\repository\mysql\mysql-connector-java\5.1.10\mysql-connector-java-5.1.10.jar;D:\Users\monanad\.m2\repository\junit\junit\3.8.1\junit-3.8.1.jar;"/>
    <property name="java.specification.name" value="Java Platform API Specification"/>
    <property name="java.class.version" value="50.0"/>
    <property name="sun.management.compiler" value="HotSpot 64-Bit Tiered Compilers"/>
    <property name="os.version" value="6.1"/>
    <property name="user.home" value="D:\Users\monanad"/>
    <property name="user.timezone" value=""/>
    <property name="java.awt.printerjob" value="sun.awt.windows.WPrinterJob"/>
    <property name="java.specification.version" value="1.6"/>
    <property name="file.encoding" value="Cp1252"/>
    <property name="user.name" value="monanad"/>
    <property name="java.class.path" value="D:\mavenprojects\hibernate-otm\target\test-classes;D:\mavenprojects\hibernate-otm\target\classes;D:\Users\monanad\.m2\repository\org\hibernate\ejb3-persistence\1.0.1.GA\ejb3-persistence-1.0.1.GA.jar;D:\Users\monanad\.m2\repository\org\hibernate\hibernate-annotations\3.3.1.GA\hibernate-annotations-3.3.1.GA.jar;D:\Users\monanad\.m2\repository\org\hibernate\hibernate\3.2.6.ga\hibernate-3.2.6.ga.jar;D:\Users\monanad\.m2\repository\net\sf\ehcache\ehcache\1.2.3\ehcache-1.2.3.jar;D:\Users\monanad\.m2\repository\commons-logging\commons-logging\1.0.4\commons-logging-1.0.4.jar;D:\Users\monanad\.m2\repository\commons-collections\commons-collections\2.1.1\commons-collections-2.1.1.jar;D:\Users\monanad\.m2\repository\javax\transaction\jta\1.0.1B\jta-1.0.1B.jar;D:\Users\monanad\.m2\repository\asm\asm-attrs\1.5.3\asm-attrs-1.5.3.jar;D:\Users\monanad\.m2\repository\dom4j\dom4j\1.6.1\dom4j-1.6.1.jar;D:\Users\monanad\.m2\repository\antlr\antlr\2.7.6\antlr-2.7.6.jar;D:\Users\monanad\.m2\repository\cglib\cglib\2.1_3\cglib-2.1_3.jar;D:\Users\monanad\.m2\repository\asm\asm\1.5.3\asm-1.5.3.jar;D:\Users\monanad\.m2\repository\org\hibernate\hibernate-commons-annotations\3.0.0.ga\hibernate-commons-annotations-3.0.0.ga.jar;D:\Users\monanad\.m2\repository\mysql\mysql-connector-java\5.1.10\mysql-connector-java-5.1.10.jar;D:\Users\monanad\.m2\repository\junit\junit\3.8.1\junit-3.8.1.jar;"/>
    <property name="java.vm.specification.version" value="1.0"/>
    <property name="sun.arch.data.model" value="64"/>
    <property name="java.home" value="C:\Program Files\Java\jdk1.6.0_45\jre"/>
    <property name="sun.java.command" value="D:\Users\monanad\surefirebooter5214475389000866466.jar D:\Users\monanad\surefire3949221809423890055tmp D:\Users\monanad\surefire7975709555894412377tmp"/>
    <property name="java.specification.vendor" value="Sun Microsystems Inc."/>
    <property name="user.language" value="en"/>
    <property name="awt.toolkit" value="sun.awt.windows.WToolkit"/>
    <property name="java.vm.info" value="mixed mode"/>
    <property name="java.version" value="1.6.0_45"/>
    <property name="java.ext.dirs" value="C:\Program Files\Java\jdk1.6.0_45\jre\lib\ext;C:\Windows\Sun\Java\lib\ext"/>
    <property name="sun.boot.class.path" value="C:\Program Files\Java\jdk1.6.0_45\jre\lib\resources.jar;C:\Program Files\Java\jdk1.6.0_45\jre\lib\rt.jar;C:\Program Files\Java\jdk1.6.0_45\jre\lib\sunrsasign.jar;C:\Program Files\Java\jdk1.6.0_45\jre\lib\jsse.jar;C:\Program Files\Java\jdk1.6.0_45\jre\lib\jce.jar;C:\Program Files\Java\jdk1.6.0_45\jre\lib\charsets.jar;C:\Program Files\Java\jdk1.6.0_45\jre\lib\modules\jdk.boot.jar;C:\Program Files\Java\jdk1.6.0_45\jre\classes"/>
    <property name="java.vendor" value="Sun Microsystems Inc."/>
    <property name="localRepository" value="D:\Users\monanad\.m2\repository"/>
    <property name="file.separator" value="\"/>
    <property name="java.vendor.url.bug" value="http://java.sun.com/cgi-bin/bugreport.cgi"/>
    <property name="sun.cpu.endian" value="little"/>
    <property name="sun.io.unicode.encoding" value="UnicodeLittle"/>
    <property name="sun.desktop" value="windows"/>
    <property name="sun.cpu.isalist" value="amd64"/>
  </properties>
  <testcase time="0" classname="com.capgemini.hibotm.AppTest" name="testApp"/>
</testsuite>